<?xml version="1.0" encoding="UTF-8"?>
<!-- Generated by org.testng.reporters.JUnitXMLReporter -->
<testsuite ignored="4" hostname="DELL7490" failures="0" tests="2" name="TestRuner3" time="0.162" errors="0" timestamp="2024-07-12T21:01:52 IST">
  <testcase classname="Generic_Utilities.BaseClass" name="@BeforeClass BC" time="-1.720798312602E9">
    <failure type="org.testng.TestNGException" message="
Parameter &amp;apos;BROWSER&amp;apos; is required by BeforeClass on method BC but has not been marked @Optional or defined
in C:\Users\Subrahmanya S\eclipse-workspace\AdvancedSeleniumA7\DistributedParallelExcutntestng.xml">
      <![CDATA[org.testng.TestNGException: 
Parameter 'BROWSER' is required by BeforeClass on method BC but has not been marked @Optional or defined
in C:\Users\Subrahmanya S\eclipse-workspace\AdvancedSeleniumA7\DistributedParallelExcutntestng.xml
at java.base/java.util.ArrayList.forEach(ArrayList.java:1511)
at java.base/java.util.concurrent.FutureTask.run(FutureTask.java:264)
at java.base/java.util.concurrent.ThreadPoolExecutor.runWorker(ThreadPoolExecutor.java:1136)
at java.base/java.util.concurrent.ThreadPoolExecutor$Worker.run(ThreadPoolExecutor.java:635)
at java.base/java.lang.Thread.run(Thread.java:840)
... Removed 13 stack frames]]>
    </failure>
  </testcase> <!-- @BeforeClass BC -->
  <testcase classname="Generic_Utilities.BaseClass" name="@BeforeMethod BM" time="-1.720798312634E9">
    <skipped/>
  </testcase> <!-- @BeforeMethod BM -->
  <testcase classname="Generic_Utilities.BaseClass" name="@AfterMethod AM" time="-1.720798312648E9">
    <skipped/>
  </testcase> <!-- @AfterMethod AM -->
  <testcase classname="Generic_Utilities.BaseClass" name="@AfterClass AC" time="-1.720798312657E9">
    <skipped/>
  </testcase> <!-- @AfterClass AC -->
  <testcase classname="Generic_Utilities.BaseClass" name="@BeforeClass BC" time="-1.720798312665E9">
    <failure type="org.testng.TestNGException" message="
Parameter &amp;apos;BROWSER&amp;apos; is required by BeforeClass on method BC but has not been marked @Optional or defined
in C:\Users\Subrahmanya S\eclipse-workspace\AdvancedSeleniumA7\DistributedParallelExcutntestng.xml">
      <![CDATA[org.testng.TestNGException: 
Parameter 'BROWSER' is required by BeforeClass on method BC but has not been marked @Optional or defined
in C:\Users\Subrahmanya S\eclipse-workspace\AdvancedSeleniumA7\DistributedParallelExcutntestng.xml
at java.base/java.util.ArrayList.forEach(ArrayList.java:1511)
at java.base/java.util.concurrent.FutureTask.run(FutureTask.java:264)
at java.base/java.util.concurrent.ThreadPoolExecutor.runWorker(ThreadPoolExecutor.java:1136)
at java.base/java.util.concurrent.ThreadPoolExecutor$Worker.run(ThreadPoolExecutor.java:635)
at java.base/java.lang.Thread.run(Thread.java:840)
... Removed 13 stack frames]]>
    </failure>
  </testcase> <!-- @BeforeClass BC -->
  <testcase classname="Generic_Utilities.BaseClass" name="@BeforeMethod BM" time="-1.720798312672E9">
    <skipped/>
  </testcase> <!-- @BeforeMethod BM -->
  <testcase classname="Generic_Utilities.BaseClass" name="@AfterMethod AM" time="-1.720798312705E9">
    <skipped/>
  </testcase> <!-- @AfterMethod AM -->
  <testcase classname="Generic_Utilities.BaseClass" name="@AfterClass AC" time="-1.720798312709E9">
    <skipped/>
  </testcase> <!-- @AfterClass AC -->
  <testcase classname="Organization.CreateOrganizationTest" name="CreateOrganizationTest" time="0.0">
    <skipped/>
  </testcase> <!-- CreateOrganizationTest -->
  <testcase classname="Campaigns.CreateCampaignWithProductTest" name="CreateCampaignWithProductTest" time="0.0">
    <skipped/>
  </testcase> <!-- CreateCampaignWithProductTest -->
  <testcase classname="Generic_Utilities.BaseClass" name="@BeforeSuite BS" time="0.0">
    <ignored/>
  </testcase> <!-- @BeforeSuite BS -->
  <testcase classname="Generic_Utilities.BaseClass" name="@BeforeTest BT" time="0.0">
    <ignored/>
  </testcase> <!-- @BeforeTest BT -->
  <testcase classname="Generic_Utilities.BaseClass" name="@AfterSuite AS" time="0.0">
    <ignored/>
  </testcase> <!-- @AfterSuite AS -->
  <testcase classname="Generic_Utilities.BaseClass" name="@AfterTest AT" time="0.0">
    <ignored/>
  </testcase> <!-- @AfterTest AT -->
</testsuite> <!-- TestRuner3 -->
