<?xml version="1.0" encoding="UTF-8"?>
<!-- Generated by org.testng.reporters.JUnitXMLReporter -->
<testsuite ignored="4" hostname="DELL7490" failures="2" tests="2" name="Test" time="87.655" errors="0" timestamp="2024-07-16T20:53:50 IST">
  <testcase classname="Campaigns.CreateCampaignWithProductTest" name="CreateCampaignWithProductTest" time="23.729">
    <failure type="java.lang.AssertionError" message="null">
      <![CDATA[java.lang.AssertionError: null
at Campaigns.CreateCampaignWithProductTest.CreateCampaignWithProductTest(CreateCampaignWithProductTest.java:52)
at java.base/java.util.ArrayList.forEach(ArrayList.java:1511)
... Removed 29 stack frames]]>
    </failure>
  </testcase> <!-- CreateCampaignWithProductTest -->
  <testcase classname="Campaigns.CreateCampaignsTest" name="CreateCampaignsTest" time="28.576">
    <failure type="java.lang.AssertionError" message="expected [test] but found [My_Camp_01115]">
      <![CDATA[java.lang.AssertionError: expected [test] but found [My_Camp_01115]
at Campaigns.CreateCampaignsTest.CreateCampaignsTest(CreateCampaignsTest.java:60)
at java.base/java.util.ArrayList.forEach(ArrayList.java:1511)
... Removed 33 stack frames]]>
    </failure>
  </testcase> <!-- CreateCampaignsTest -->
  <testcase classname="Generic_Utilities.BaseClass" name="@BeforeSuite BS" time="0.0">
    <ignored/>
  </testcase> <!-- @BeforeSuite BS -->
  <testcase classname="Generic_Utilities.BaseClass" name="@BeforeTest BT" time="0.0">
    <ignored/>
  </testcase> <!-- @BeforeTest BT -->
  <testcase classname="Generic_Utilities.BaseClass" name="@AfterSuite AS" time="0.0">
    <ignored/>
  </testcase> <!-- @AfterSuite AS -->
  <testcase classname="Generic_Utilities.BaseClass" name="@AfterTest AT" time="0.0">
    <ignored/>
  </testcase> <!-- @AfterTest AT -->
</testsuite> <!-- Test -->
